[36mINFO[0m[2025-07-20 14:07:30] 使用内存缓存                                       
[36mINFO[0m[2025-07-20 14:07:30] HTTP服务正在启动: 0.0.0.0:8080                     
[36mINFO[0m[2025-07-20 15:03:11] 使用内存缓存                                       
[36mINFO[0m[2025-07-20 15:09:10] 使用内存缓存                                       
[36mINFO[0m[2025-07-20 15:24:23] 使用内存缓存                                       
[36mINFO[0m[2025-07-20 15:44:45] 使用内存缓存                                       
[36mINFO[0m[2025-07-20 15:53:40] 使用内存缓存                                       
[36mINFO[0m[2025-07-20 15:53:51] 使用内存缓存                                       
[36mINFO[0m[2025-07-20 15:54:52] 使用内存缓存                                       
[36mINFO[0m[2025-07-20 18:27:50] C:/Users/Administrator/go/pkg/mod/github.com/glebarez/sqlite@v1.11.0/migrator.go:32
[0.000ms] [rows:-] SELECT count(*) FROM sqlite_master WHERE type='table' AND name="casbin_rule" 
[36mINFO[0m[2025-07-20 18:27:51] C:/Users/Administrator/go/pkg/mod/github.com/casbin/gorm-adapter/v3@v3.34.0/adapter.go:423
[914.772ms] [rows:0] CREATE TABLE `casbin_rule` (`id` integer PRIMARY KEY AUTOINCREMENT,`ptype` text,`v0` text,`v1` text,`v2` text,`v3` text,`v4` text,`v5` text) 
[36mINFO[0m[2025-07-20 18:27:51] C:/Users/Administrator/go/pkg/mod/github.com/glebarez/sqlite@v1.11.0/migrator.go:293
[0.000ms] [rows:-] SELECT count(*) FROM sqlite_master WHERE type = "index" AND tbl_name = "casbin_rule" AND name = "idx_casbin_rule" 
[36mINFO[0m[2025-07-20 18:27:51] C:/Users/Administrator/go/pkg/mod/github.com/casbin/gorm-adapter/v3@v3.34.0/adapter.go:431
[234.363ms] [rows:0] CREATE UNIQUE INDEX idx_casbin_rule ON casbin_rule (ptype,v0,v1,v2,v3,v4,v5) 
[36mINFO[0m[2025-07-20 18:27:51] C:/Users/Administrator/go/pkg/mod/github.com/glebarez/sqlite@v1.11.0/migrator.go:32
[0.000ms] [rows:-] SELECT count(*) FROM sqlite_master WHERE type='table' AND name="casbin_rule" 
[36mINFO[0m[2025-07-20 18:27:51] C:/Users/Administrator/go/pkg/mod/github.com/glebarez/sqlite@v1.11.0/migrator.go:117
[0.000ms] [rows:2] SELECT sql FROM sqlite_master WHERE type IN ("table","index") AND tbl_name = "casbin_rule" AND sql IS NOT NULL order by type = "table" desc 
[36mINFO[0m[2025-07-20 18:27:51] C:/Users/Administrator/go/pkg/mod/github.com/glebarez/sqlite@v1.11.0/migrator.go:125
[0.000ms] [rows:-] SELECT * FROM `casbin_rule` LIMIT 1 
[36mINFO[0m[2025-07-20 18:27:51] C:/Users/Administrator/go/pkg/mod/github.com/glebarez/sqlite@v1.11.0/migrator.go:293
[0.507ms] [rows:-] SELECT count(*) FROM sqlite_master WHERE type = "index" AND tbl_name = "casbin_rule" AND name = "idx_casbin_rule" 
[36mINFO[0m[2025-07-20 18:27:51] C:/Users/Administrator/go/pkg/mod/github.com/casbin/gorm-adapter/v3@v3.34.0/adapter.go:492
[0.000ms] [rows:0] SELECT * FROM `casbin_rule` ORDER BY ID 
[36mINFO[0m[2025-07-20 18:27:51] C:/Users/Administrator/go/pkg/mod/github.com/casbin/gorm-adapter/v3@v3.34.0/adapter.go:492
[0.000ms] [rows:0] SELECT * FROM `casbin_rule` ORDER BY ID 
[36mINFO[0m[2025-07-20 18:27:51] C:/Users/Administrator/go/pkg/mod/github.com/casbin/gorm-adapter/v3@v3.34.0/adapter.go:670
[175.208ms] [rows:1] INSERT INTO `casbin_rule` (`ptype`,`v0`,`v1`,`v2`,`v3`,`v4`,`v5`) VALUES ("p","1","/*","*","","","") ON CONFLICT DO NOTHING RETURNING `id` 
[36mINFO[0m[2025-07-20 18:27:51] C:/Users/Administrator/go/pkg/mod/github.com/casbin/gorm-adapter/v3@v3.34.0/adapter.go:670
[168.026ms] [rows:1] INSERT INTO `casbin_rule` (`ptype`,`v0`,`v1`,`v2`,`v3`,`v4`,`v5`) VALUES ("p","2","/api/user/info","GET","","","") ON CONFLICT DO NOTHING RETURNING `id` 
[36mINFO[0m[2025-07-20 18:27:52] C:/Users/Administrator/go/pkg/mod/github.com/casbin/gorm-adapter/v3@v3.34.0/adapter.go:670
[199.241ms] [rows:1] INSERT INTO `casbin_rule` (`ptype`,`v0`,`v1`,`v2`,`v3`,`v4`,`v5`) VALUES ("p","2","/api/user/changePassword","PUT","","","") ON CONFLICT DO NOTHING RETURNING `id` 
[36mINFO[0m[2025-07-20 18:27:52] C:/Users/Administrator/go/pkg/mod/github.com/casbin/gorm-adapter/v3@v3.34.0/adapter.go:463
[222.586ms] [rows:3] delete from casbin_rule 
[36mINFO[0m[2025-07-20 18:27:52] C:/Users/Administrator/go/pkg/mod/github.com/casbin/gorm-adapter/v3@v3.34.0/adapter.go:652
[1.029ms] [rows:3] INSERT INTO `casbin_rule` (`ptype`,`v0`,`v1`,`v2`,`v3`,`v4`,`v5`) VALUES ("p","1","/*","*","","",""),("p","2","/api/user/info","GET","","",""),("p","2","/api/user/changePassword","PUT","","","") ON CONFLICT DO NOTHING RETURNING `id` 
[36mINFO[0m[2025-07-20 18:27:52] 应用 [admin] 路由已注册                             
[36mINFO[0m[2025-07-20 18:27:52] 应用 [api] 路由已注册                               
[36mINFO[0m[2025-07-20 18:27:52] 应用 [cli] 路由已注册                               
[36mINFO[0m[2025-07-20 18:27:52] HTTP服务已启动: 0.0.0.0:8080                      
[36mINFO[0m[2025-07-20 18:28:09] C:/Users/Administrator/go/pkg/mod/github.com/glebarez/sqlite@v1.11.0/migrator.go:32
[0.516ms] [rows:-] SELECT count(*) FROM sqlite_master WHERE type='table' AND name="casbin_rule" 
[36mINFO[0m[2025-07-20 18:28:09] C:/Users/Administrator/go/pkg/mod/github.com/glebarez/sqlite@v1.11.0/migrator.go:117
[0.507ms] [rows:2] SELECT sql FROM sqlite_master WHERE type IN ("table","index") AND tbl_name = "casbin_rule" AND sql IS NOT NULL order by type = "table" desc 
[36mINFO[0m[2025-07-20 18:28:09] C:/Users/Administrator/go/pkg/mod/github.com/glebarez/sqlite@v1.11.0/migrator.go:125
[0.000ms] [rows:-] SELECT * FROM `casbin_rule` LIMIT 1 
[36mINFO[0m[2025-07-20 18:28:09] C:/Users/Administrator/go/pkg/mod/github.com/glebarez/sqlite@v1.11.0/migrator.go:293
[0.000ms] [rows:-] SELECT count(*) FROM sqlite_master WHERE type = "index" AND tbl_name = "casbin_rule" AND name = "idx_casbin_rule" 
[36mINFO[0m[2025-07-20 18:28:09] C:/Users/Administrator/go/pkg/mod/github.com/glebarez/sqlite@v1.11.0/migrator.go:32
[0.000ms] [rows:-] SELECT count(*) FROM sqlite_master WHERE type='table' AND name="casbin_rule" 
[36mINFO[0m[2025-07-20 18:28:09] C:/Users/Administrator/go/pkg/mod/github.com/glebarez/sqlite@v1.11.0/migrator.go:117
[0.000ms] [rows:2] SELECT sql FROM sqlite_master WHERE type IN ("table","index") AND tbl_name = "casbin_rule" AND sql IS NOT NULL order by type = "table" desc 
[36mINFO[0m[2025-07-20 18:28:09] C:/Users/Administrator/go/pkg/mod/github.com/glebarez/sqlite@v1.11.0/migrator.go:125
[0.000ms] [rows:-] SELECT * FROM `casbin_rule` LIMIT 1 
[36mINFO[0m[2025-07-20 18:28:09] C:/Users/Administrator/go/pkg/mod/github.com/glebarez/sqlite@v1.11.0/migrator.go:293
[0.005ms] [rows:-] SELECT count(*) FROM sqlite_master WHERE type = "index" AND tbl_name = "casbin_rule" AND name = "idx_casbin_rule" 
[36mINFO[0m[2025-07-20 18:28:09] C:/Users/Administrator/go/pkg/mod/github.com/casbin/gorm-adapter/v3@v3.34.0/adapter.go:492
[0.000ms] [rows:3] SELECT * FROM `casbin_rule` ORDER BY ID 
[36mINFO[0m[2025-07-20 18:28:09] C:/Users/Administrator/go/pkg/mod/github.com/casbin/gorm-adapter/v3@v3.34.0/adapter.go:492
[0.000ms] [rows:3] SELECT * FROM `casbin_rule` ORDER BY ID 
[36mINFO[0m[2025-07-20 18:28:09] C:/Users/Administrator/go/pkg/mod/github.com/casbin/gorm-adapter/v3@v3.34.0/adapter.go:463
[221.927ms] [rows:3] delete from casbin_rule 
[36mINFO[0m[2025-07-20 18:28:09] C:/Users/Administrator/go/pkg/mod/github.com/casbin/gorm-adapter/v3@v3.34.0/adapter.go:652
[1.080ms] [rows:3] INSERT INTO `casbin_rule` (`ptype`,`v0`,`v1`,`v2`,`v3`,`v4`,`v5`) VALUES ("p","1","/*","*","","",""),("p","2","/api/user/info","GET","","",""),("p","2","/api/user/changePassword","PUT","","","") ON CONFLICT DO NOTHING RETURNING `id` 
[36mINFO[0m[2025-07-20 18:28:09] 应用 [admin] 路由已注册                             
[36mINFO[0m[2025-07-20 18:28:09] 应用 [api] 路由已注册                               
[36mINFO[0m[2025-07-20 18:28:09] 应用 [cli] 路由已注册                               
[36mINFO[0m[2025-07-20 18:28:09] HTTP服务已启动: 0.0.0.0:8080                      
[31mERRO[0m[2025-07-20 18:28:09] HTTP服务启动失败: listen tcp 0.0.0.0:8080: bind: Only one usage of each socket address (protocol/network address/port) is normally permitted. 
[36mINFO[0m[2025-07-20 18:28:10] 收到关闭信号，正在关闭应用...                             
[36mINFO[0m[2025-07-20 18:28:10] HTTP服务已关闭                                    
[36mINFO[0m[2025-07-20 18:28:10] 应用已完全关闭                                      
[36mINFO[0m[2025-07-20 18:28:14] 收到关闭信号，正在关闭应用...                             
[36mINFO[0m[2025-07-20 18:28:14] HTTP服务已关闭                                    
[36mINFO[0m[2025-07-20 18:28:14] 应用已完全关闭                                      
